<?xml version="1.0" encoding="UTF-8"?>
<!-- Generated by org.testng.reporters.JUnitReportReporter -->
<testsuite hostname="Gagan" failures="0" tests="5" name="RestAssuredDay1.Get_Post_Put_Delete" time="5.005" errors="0" timestamp="2025-06-13T20:29:04 IST" skipped="0">
  <testcase classname="RestAssuredDay1.Get_Post_Put_Delete" name="getRequest" time="2.652"/>
  <testcase classname="RestAssuredDay1.Get_Post_Put_Delete" name="postRequest" time="1.465"/>
  <testcase classname="RestAssuredDay1.Get_Post_Put_Delete" name="putRequest" time="0.438"/>
  <testcase classname="RestAssuredDay1.Get_Post_Put_Delete" name="deleteRequest" time="0.368"/>
  <testcase classname="RestAssuredDay1.Get_Post_Put_Delete" name="getRequest1" time="0.082"/>
</testsuite> <!-- RestAssuredDay1.Get_Post_Put_Delete -->
