<?xml version="1.0" encoding="UTF-8"?>
<!-- Generated by org.testng.reporters.JUnitReportReporter -->
<testsuite hostname="Gagan" failures="0" tests="5" name="Autentication.AuthenticationTest" time="2.750" errors="0" timestamp="2025-06-14T14:32:08 IST" skipped="4">
  <testcase classname="Autentication.AuthenticationTest" name="oAuth2" time="2.750"/>
  <testcase classname="Autentication.AuthenticationTest" name="preemptiveAuth">
    <skipped/>
  </testcase> <!-- preemptiveAuth -->
  <testcase classname="Autentication.AuthenticationTest" name="bearerAuth">
    <skipped/>
  </testcase> <!-- bearerAuth -->
  <testcase classname="Autentication.AuthenticationTest" name="digestAuth">
    <skipped/>
  </testcase> <!-- digestAuth -->
  <testcase classname="Autentication.AuthenticationTest" name="basicAuth">
    <skipped/>
  </testcase> <!-- basicAuth -->
</testsuite> <!-- Autentication.AuthenticationTest -->
