<?xml version="1.0" encoding="UTF-8"?>
<!-- Generated by org.testng.reporters.JUnitReportReporter -->
<testsuite hostname="Gagan" failures="0" tests="2" name="RestAssuredDay1.TypeOfRequestBody" time="4.708" errors="0" timestamp="2025-03-03T21:52:55 IST" skipped="1">
  <testcase classname="RestAssuredDay1.TypeOfRequestBody" name="UsingJson" time="4.708"/>
  <testcase classname="RestAssuredDay1.TypeOfRequestBody" name="UsingHashMap">
    <skipped/>
  </testcase> <!-- UsingHashMap -->
</testsuite> <!-- RestAssuredDay1.TypeOfRequestBody -->
